13-Jun-2021 19:12:27.840 INFO [main] org.apache.catalina.startup.VersionLoggerListener.log Server version name:   Apache Tomcat/9.0.43
13-Jun-2021 19:12:27.852 INFO [main] org.apache.catalina.startup.VersionLoggerListener.log Server built:          Jan 28 2021 20:25:45 UTC
13-Jun-2021 19:12:27.852 INFO [main] org.apache.catalina.startup.VersionLoggerListener.log Server version number: 9.0.43.0
13-Jun-2021 19:12:27.852 INFO [main] org.apache.catalina.startup.VersionLoggerListener.log OS Name:               Linux
13-Jun-2021 19:12:27.852 INFO [main] org.apache.catalina.startup.VersionLoggerListener.log OS Version:            5.4.0-72-generic
13-Jun-2021 19:12:27.853 INFO [main] org.apache.catalina.startup.VersionLoggerListener.log Architecture:          amd64
13-Jun-2021 19:12:27.853 INFO [main] org.apache.catalina.startup.VersionLoggerListener.log Java Home:             /usr/lib/jvm/java-11-openjdk-amd64
13-Jun-2021 19:12:27.853 INFO [main] org.apache.catalina.startup.VersionLoggerListener.log JVM Version:           11.0.10+9-Ubuntu-0ubuntu1.18.04
13-Jun-2021 19:12:27.853 INFO [main] org.apache.catalina.startup.VersionLoggerListener.log JVM Vendor:            Ubuntu
13-Jun-2021 19:12:27.853 INFO [main] org.apache.catalina.startup.VersionLoggerListener.log CATALINA_BASE:         /home/shweta/apache-tomcat-9.0.43
13-Jun-2021 19:12:27.854 INFO [main] org.apache.catalina.startup.VersionLoggerListener.log CATALINA_HOME:         /home/shweta/apache-tomcat-9.0.43
13-Jun-2021 19:12:28.005 INFO [main] org.apache.catalina.startup.VersionLoggerListener.log Command line argument: --add-opens=java.base/java.lang=ALL-UNNAMED
13-Jun-2021 19:12:28.005 INFO [main] org.apache.catalina.startup.VersionLoggerListener.log Command line argument: --add-opens=java.base/java.io=ALL-UNNAMED
13-Jun-2021 19:12:28.005 INFO [main] org.apache.catalina.startup.VersionLoggerListener.log Command line argument: --add-opens=java.base/java.util=ALL-UNNAMED
13-Jun-2021 19:12:28.005 INFO [main] org.apache.catalina.startup.VersionLoggerListener.log Command line argument: --add-opens=java.base/java.util.concurrent=ALL-UNNAMED
13-Jun-2021 19:12:28.005 INFO [main] org.apache.catalina.startup.VersionLoggerListener.log Command line argument: --add-opens=java.rmi/sun.rmi.transport=ALL-UNNAMED
13-Jun-2021 19:12:28.006 INFO [main] org.apache.catalina.startup.VersionLoggerListener.log Command line argument: -Djava.util.logging.config.file=/home/shweta/apache-tomcat-9.0.43/conf/logging.properties
13-Jun-2021 19:12:28.006 INFO [main] org.apache.catalina.startup.VersionLoggerListener.log Command line argument: -Djava.util.logging.manager=org.apache.juli.ClassLoaderLogManager
13-Jun-2021 19:12:28.006 INFO [main] org.apache.catalina.startup.VersionLoggerListener.log Command line argument: -Djdk.tls.ephemeralDHKeySize=2048
13-Jun-2021 19:12:28.006 INFO [main] org.apache.catalina.startup.VersionLoggerListener.log Command line argument: -Djava.protocol.handler.pkgs=org.apache.catalina.webresources
13-Jun-2021 19:12:28.006 INFO [main] org.apache.catalina.startup.VersionLoggerListener.log Command line argument: -Dorg.apache.catalina.security.SecurityListener.UMASK=0027
13-Jun-2021 19:12:28.006 INFO [main] org.apache.catalina.startup.VersionLoggerListener.log Command line argument: -Dignore.endorsed.dirs=
13-Jun-2021 19:12:28.006 INFO [main] org.apache.catalina.startup.VersionLoggerListener.log Command line argument: -Dcatalina.base=/home/shweta/apache-tomcat-9.0.43
13-Jun-2021 19:12:28.007 INFO [main] org.apache.catalina.startup.VersionLoggerListener.log Command line argument: -Dcatalina.home=/home/shweta/apache-tomcat-9.0.43
13-Jun-2021 19:12:28.007 INFO [main] org.apache.catalina.startup.VersionLoggerListener.log Command line argument: -Djava.io.tmpdir=/home/shweta/apache-tomcat-9.0.43/temp
13-Jun-2021 19:12:28.025 INFO [main] org.apache.catalina.core.AprLifecycleListener.lifecycleEvent The Apache Tomcat Native library which allows using OpenSSL was not found on the java.library.path: [/usr/java/packages/lib:/usr/lib/x86_64-linux-gnu/jni:/lib/x86_64-linux-gnu:/usr/lib/x86_64-linux-gnu:/usr/lib/jni:/lib:/usr/lib]
13-Jun-2021 19:12:29.291 INFO [main] org.apache.coyote.AbstractProtocol.init Initializing ProtocolHandler ["http-nio-8080"]
13-Jun-2021 19:12:29.530 INFO [main] org.apache.catalina.startup.Catalina.load Server initialization in [2223] milliseconds
13-Jun-2021 19:12:29.786 INFO [main] org.apache.catalina.core.StandardService.startInternal Starting service [Catalina]
13-Jun-2021 19:12:29.786 INFO [main] org.apache.catalina.core.StandardEngine.startInternal Starting Servlet engine: [Apache Tomcat/9.0.43]
13-Jun-2021 19:12:29.858 INFO [main] org.apache.catalina.startup.HostConfig.deployDirectory Deploying web application directory [/home/shweta/apache-tomcat-9.0.43/webapps/ROOT]
13-Jun-2021 19:12:31.535 INFO [main] org.apache.jasper.servlet.TldScanner.scanJars At least one JAR was scanned for TLDs yet contained no TLDs. Enable debug logging for this logger for a complete list of JARs that were scanned but no TLDs were found in them. Skipping unneeded JARs during scanning can improve startup time and JSP compilation time.
13-Jun-2021 19:12:31.719 WARNING [main] org.apache.catalina.util.SessionIdGeneratorBase.createSecureRandom Creation of SecureRandom instance for session ID generation using [SHA1PRNG] took [156] milliseconds.
13-Jun-2021 19:12:31.878 INFO [main] org.apache.catalina.startup.HostConfig.deployDirectory Deployment of web application directory [/home/shweta/apache-tomcat-9.0.43/webapps/ROOT] has finished in [2,019] ms
13-Jun-2021 19:12:31.879 INFO [main] org.apache.catalina.startup.HostConfig.deployDirectory Deploying web application directory [/home/shweta/apache-tomcat-9.0.43/webapps/manager]
13-Jun-2021 19:12:32.220 INFO [main] org.apache.jasper.servlet.TldScanner.scanJars At least one JAR was scanned for TLDs yet contained no TLDs. Enable debug logging for this logger for a complete list of JARs that were scanned but no TLDs were found in them. Skipping unneeded JARs during scanning can improve startup time and JSP compilation time.
13-Jun-2021 19:12:32.259 INFO [main] org.apache.catalina.startup.HostConfig.deployDirectory Deployment of web application directory [/home/shweta/apache-tomcat-9.0.43/webapps/manager] has finished in [380] ms
13-Jun-2021 19:12:32.259 INFO [main] org.apache.catalina.startup.HostConfig.deployDirectory Deploying web application directory [/home/shweta/apache-tomcat-9.0.43/webapps/docs]
13-Jun-2021 19:12:32.425 INFO [main] org.apache.jasper.servlet.TldScanner.scanJars At least one JAR was scanned for TLDs yet contained no TLDs. Enable debug logging for this logger for a complete list of JARs that were scanned but no TLDs were found in them. Skipping unneeded JARs during scanning can improve startup time and JSP compilation time.
13-Jun-2021 19:12:32.433 INFO [main] org.apache.catalina.startup.HostConfig.deployDirectory Deployment of web application directory [/home/shweta/apache-tomcat-9.0.43/webapps/docs] has finished in [174] ms
13-Jun-2021 19:12:32.433 INFO [main] org.apache.catalina.startup.HostConfig.deployDirectory Deploying web application directory [/home/shweta/apache-tomcat-9.0.43/webapps/host-manager]
13-Jun-2021 19:12:32.703 INFO [main] org.apache.jasper.servlet.TldScanner.scanJars At least one JAR was scanned for TLDs yet contained no TLDs. Enable debug logging for this logger for a complete list of JARs that were scanned but no TLDs were found in them. Skipping unneeded JARs during scanning can improve startup time and JSP compilation time.
13-Jun-2021 19:12:32.712 INFO [main] org.apache.catalina.startup.HostConfig.deployDirectory Deployment of web application directory [/home/shweta/apache-tomcat-9.0.43/webapps/host-manager] has finished in [279] ms
13-Jun-2021 19:12:32.713 INFO [main] org.apache.catalina.startup.HostConfig.deployDirectory Deploying web application directory [/home/shweta/apache-tomcat-9.0.43/webapps/examples]
13-Jun-2021 19:12:34.708 INFO [main] org.apache.jasper.servlet.TldScanner.scanJars At least one JAR was scanned for TLDs yet contained no TLDs. Enable debug logging for this logger for a complete list of JARs that were scanned but no TLDs were found in them. Skipping unneeded JARs during scanning can improve startup time and JSP compilation time.
13-Jun-2021 19:12:34.758 INFO [main] org.apache.catalina.startup.HostConfig.deployDirectory Deployment of web application directory [/home/shweta/apache-tomcat-9.0.43/webapps/examples] has finished in [2,045] ms
13-Jun-2021 19:12:34.758 INFO [main] org.apache.catalina.startup.HostConfig.deployDirectory Deploying web application directory [/home/shweta/apache-tomcat-9.0.43/webapps/Servlet&JSP]
13-Jun-2021 19:12:34.930 INFO [main] org.apache.jasper.servlet.TldScanner.scanJars At least one JAR was scanned for TLDs yet contained no TLDs. Enable debug logging for this logger for a complete list of JARs that were scanned but no TLDs were found in them. Skipping unneeded JARs during scanning can improve startup time and JSP compilation time.
13-Jun-2021 19:12:35.057 INFO [main] org.apache.catalina.startup.HostConfig.deployDirectory Deployment of web application directory [/home/shweta/apache-tomcat-9.0.43/webapps/Servlet&JSP] has finished in [298] ms
13-Jun-2021 19:12:35.058 INFO [main] org.apache.catalina.startup.HostConfig.deployDirectory Deploying web application directory [/home/shweta/apache-tomcat-9.0.43/webapps/EggSupplier]
13-Jun-2021 19:12:35.230 INFO [main] org.apache.jasper.servlet.TldScanner.scanJars At least one JAR was scanned for TLDs yet contained no TLDs. Enable debug logging for this logger for a complete list of JARs that were scanned but no TLDs were found in them. Skipping unneeded JARs during scanning can improve startup time and JSP compilation time.
13-Jun-2021 19:12:35.234 INFO [main] org.apache.catalina.startup.HostConfig.deployDirectory Deployment of web application directory [/home/shweta/apache-tomcat-9.0.43/webapps/EggSupplier] has finished in [176] ms
13-Jun-2021 19:12:35.239 INFO [main] org.apache.coyote.AbstractProtocol.start Starting ProtocolHandler ["http-nio-8080"]
13-Jun-2021 19:12:35.284 INFO [main] org.apache.catalina.startup.Catalina.start Server startup in [5752] milliseconds
13-Jun-2021 23:16:00.607 INFO [main] org.apache.catalina.core.StandardServer.await A valid shutdown command was received via the shutdown port. Stopping the Server instance.
13-Jun-2021 23:16:00.620 INFO [main] org.apache.coyote.AbstractProtocol.pause Pausing ProtocolHandler ["http-nio-8080"]
13-Jun-2021 23:16:00.627 INFO [main] org.apache.catalina.core.StandardService.stopInternal Stopping service [Catalina]
13-Jun-2021 23:16:00.781 INFO [main] org.apache.coyote.AbstractProtocol.stop Stopping ProtocolHandler ["http-nio-8080"]
13-Jun-2021 23:16:00.843 INFO [main] org.apache.coyote.AbstractProtocol.destroy Destroying ProtocolHandler ["http-nio-8080"]
