16-Jun-2021 10:49:55.152 INFO [main] org.apache.catalina.startup.VersionLoggerListener.log Server version name:   Apache Tomcat/9.0.43
16-Jun-2021 10:49:55.156 INFO [main] org.apache.catalina.startup.VersionLoggerListener.log Server built:          Jan 28 2021 20:25:45 UTC
16-Jun-2021 10:49:55.156 INFO [main] org.apache.catalina.startup.VersionLoggerListener.log Server version number: 9.0.43.0
16-Jun-2021 10:49:55.157 INFO [main] org.apache.catalina.startup.VersionLoggerListener.log OS Name:               Linux
16-Jun-2021 10:49:55.157 INFO [main] org.apache.catalina.startup.VersionLoggerListener.log OS Version:            5.4.0-72-generic
16-Jun-2021 10:49:55.157 INFO [main] org.apache.catalina.startup.VersionLoggerListener.log Architecture:          amd64
16-Jun-2021 10:49:55.157 INFO [main] org.apache.catalina.startup.VersionLoggerListener.log Java Home:             /usr/lib/jvm/java-11-openjdk-amd64
16-Jun-2021 10:49:55.158 INFO [main] org.apache.catalina.startup.VersionLoggerListener.log JVM Version:           11.0.10+9-Ubuntu-0ubuntu1.18.04
16-Jun-2021 10:49:55.158 INFO [main] org.apache.catalina.startup.VersionLoggerListener.log JVM Vendor:            Ubuntu
16-Jun-2021 10:49:55.158 INFO [main] org.apache.catalina.startup.VersionLoggerListener.log CATALINA_BASE:         /home/shweta/apache-tomcat-9.0.43
16-Jun-2021 10:49:55.158 INFO [main] org.apache.catalina.startup.VersionLoggerListener.log CATALINA_HOME:         /home/shweta/apache-tomcat-9.0.43
16-Jun-2021 10:49:55.214 INFO [main] org.apache.catalina.startup.VersionLoggerListener.log Command line argument: --add-opens=java.base/java.lang=ALL-UNNAMED
16-Jun-2021 10:49:55.214 INFO [main] org.apache.catalina.startup.VersionLoggerListener.log Command line argument: --add-opens=java.base/java.io=ALL-UNNAMED
16-Jun-2021 10:49:55.215 INFO [main] org.apache.catalina.startup.VersionLoggerListener.log Command line argument: --add-opens=java.base/java.util=ALL-UNNAMED
16-Jun-2021 10:49:55.215 INFO [main] org.apache.catalina.startup.VersionLoggerListener.log Command line argument: --add-opens=java.base/java.util.concurrent=ALL-UNNAMED
16-Jun-2021 10:49:55.215 INFO [main] org.apache.catalina.startup.VersionLoggerListener.log Command line argument: --add-opens=java.rmi/sun.rmi.transport=ALL-UNNAMED
16-Jun-2021 10:49:55.215 INFO [main] org.apache.catalina.startup.VersionLoggerListener.log Command line argument: -Djava.util.logging.config.file=/home/shweta/apache-tomcat-9.0.43/conf/logging.properties
16-Jun-2021 10:49:55.215 INFO [main] org.apache.catalina.startup.VersionLoggerListener.log Command line argument: -Djava.util.logging.manager=org.apache.juli.ClassLoaderLogManager
16-Jun-2021 10:49:55.216 INFO [main] org.apache.catalina.startup.VersionLoggerListener.log Command line argument: -Djdk.tls.ephemeralDHKeySize=2048
16-Jun-2021 10:49:55.216 INFO [main] org.apache.catalina.startup.VersionLoggerListener.log Command line argument: -Djava.protocol.handler.pkgs=org.apache.catalina.webresources
16-Jun-2021 10:49:55.216 INFO [main] org.apache.catalina.startup.VersionLoggerListener.log Command line argument: -Dorg.apache.catalina.security.SecurityListener.UMASK=0027
16-Jun-2021 10:49:55.216 INFO [main] org.apache.catalina.startup.VersionLoggerListener.log Command line argument: -Dignore.endorsed.dirs=
16-Jun-2021 10:49:55.216 INFO [main] org.apache.catalina.startup.VersionLoggerListener.log Command line argument: -Dcatalina.base=/home/shweta/apache-tomcat-9.0.43
16-Jun-2021 10:49:55.217 INFO [main] org.apache.catalina.startup.VersionLoggerListener.log Command line argument: -Dcatalina.home=/home/shweta/apache-tomcat-9.0.43
16-Jun-2021 10:49:55.217 INFO [main] org.apache.catalina.startup.VersionLoggerListener.log Command line argument: -Djava.io.tmpdir=/home/shweta/apache-tomcat-9.0.43/temp
16-Jun-2021 10:49:55.329 INFO [main] org.apache.catalina.core.AprLifecycleListener.lifecycleEvent The Apache Tomcat Native library which allows using OpenSSL was not found on the java.library.path: [/usr/java/packages/lib:/usr/lib/x86_64-linux-gnu/jni:/lib/x86_64-linux-gnu:/usr/lib/x86_64-linux-gnu:/usr/lib/jni:/lib:/usr/lib]
16-Jun-2021 10:49:56.244 INFO [main] org.apache.coyote.AbstractProtocol.init Initializing ProtocolHandler ["http-nio-8080"]
16-Jun-2021 10:49:56.337 INFO [main] org.apache.catalina.startup.Catalina.load Server initialization in [1678] milliseconds
16-Jun-2021 10:49:56.452 INFO [main] org.apache.catalina.core.StandardService.startInternal Starting service [Catalina]
16-Jun-2021 10:49:56.452 INFO [main] org.apache.catalina.core.StandardEngine.startInternal Starting Servlet engine: [Apache Tomcat/9.0.43]
16-Jun-2021 10:49:56.476 INFO [main] org.apache.catalina.startup.HostConfig.deployDirectory Deploying web application directory [/home/shweta/apache-tomcat-9.0.43/webapps/ROOT]
16-Jun-2021 10:49:57.217 INFO [main] org.apache.jasper.servlet.TldScanner.scanJars At least one JAR was scanned for TLDs yet contained no TLDs. Enable debug logging for this logger for a complete list of JARs that were scanned but no TLDs were found in them. Skipping unneeded JARs during scanning can improve startup time and JSP compilation time.
16-Jun-2021 10:49:57.284 INFO [main] org.apache.catalina.startup.HostConfig.deployDirectory Deployment of web application directory [/home/shweta/apache-tomcat-9.0.43/webapps/ROOT] has finished in [808] ms
16-Jun-2021 10:49:57.284 INFO [main] org.apache.catalina.startup.HostConfig.deployDirectory Deploying web application directory [/home/shweta/apache-tomcat-9.0.43/webapps/manager]
16-Jun-2021 10:49:57.510 INFO [main] org.apache.jasper.servlet.TldScanner.scanJars At least one JAR was scanned for TLDs yet contained no TLDs. Enable debug logging for this logger for a complete list of JARs that were scanned but no TLDs were found in them. Skipping unneeded JARs during scanning can improve startup time and JSP compilation time.
16-Jun-2021 10:49:57.522 INFO [main] org.apache.catalina.startup.HostConfig.deployDirectory Deployment of web application directory [/home/shweta/apache-tomcat-9.0.43/webapps/manager] has finished in [238] ms
16-Jun-2021 10:49:57.522 INFO [main] org.apache.catalina.startup.HostConfig.deployDirectory Deploying web application directory [/home/shweta/apache-tomcat-9.0.43/webapps/docs]
16-Jun-2021 10:49:57.688 INFO [main] org.apache.jasper.servlet.TldScanner.scanJars At least one JAR was scanned for TLDs yet contained no TLDs. Enable debug logging for this logger for a complete list of JARs that were scanned but no TLDs were found in them. Skipping unneeded JARs during scanning can improve startup time and JSP compilation time.
16-Jun-2021 10:49:57.691 INFO [main] org.apache.catalina.startup.HostConfig.deployDirectory Deployment of web application directory [/home/shweta/apache-tomcat-9.0.43/webapps/docs] has finished in [168] ms
16-Jun-2021 10:49:57.691 INFO [main] org.apache.catalina.startup.HostConfig.deployDirectory Deploying web application directory [/home/shweta/apache-tomcat-9.0.43/webapps/host-manager]
16-Jun-2021 10:49:57.883 INFO [main] org.apache.jasper.servlet.TldScanner.scanJars At least one JAR was scanned for TLDs yet contained no TLDs. Enable debug logging for this logger for a complete list of JARs that were scanned but no TLDs were found in them. Skipping unneeded JARs during scanning can improve startup time and JSP compilation time.
16-Jun-2021 10:49:57.886 INFO [main] org.apache.catalina.startup.HostConfig.deployDirectory Deployment of web application directory [/home/shweta/apache-tomcat-9.0.43/webapps/host-manager] has finished in [195] ms
16-Jun-2021 10:49:57.887 INFO [main] org.apache.catalina.startup.HostConfig.deployDirectory Deploying web application directory [/home/shweta/apache-tomcat-9.0.43/webapps/examples]
16-Jun-2021 10:49:58.949 INFO [main] org.apache.jasper.servlet.TldScanner.scanJars At least one JAR was scanned for TLDs yet contained no TLDs. Enable debug logging for this logger for a complete list of JARs that were scanned but no TLDs were found in them. Skipping unneeded JARs during scanning can improve startup time and JSP compilation time.
16-Jun-2021 10:49:58.987 INFO [main] org.apache.catalina.startup.HostConfig.deployDirectory Deployment of web application directory [/home/shweta/apache-tomcat-9.0.43/webapps/examples] has finished in [1,099] ms
16-Jun-2021 10:49:58.987 INFO [main] org.apache.catalina.startup.HostConfig.deployDirectory Deploying web application directory [/home/shweta/apache-tomcat-9.0.43/webapps/Servlet&JSP]
16-Jun-2021 10:49:59.108 INFO [main] org.apache.jasper.servlet.TldScanner.scanJars At least one JAR was scanned for TLDs yet contained no TLDs. Enable debug logging for this logger for a complete list of JARs that were scanned but no TLDs were found in them. Skipping unneeded JARs during scanning can improve startup time and JSP compilation time.
16-Jun-2021 10:49:59.138 INFO [main] org.apache.catalina.startup.HostConfig.deployDirectory Deployment of web application directory [/home/shweta/apache-tomcat-9.0.43/webapps/Servlet&JSP] has finished in [151] ms
16-Jun-2021 10:49:59.139 INFO [main] org.apache.catalina.startup.HostConfig.deployDirectory Deploying web application directory [/home/shweta/apache-tomcat-9.0.43/webapps/EggSupplier]
16-Jun-2021 10:49:59.272 INFO [main] org.apache.jasper.servlet.TldScanner.scanJars At least one JAR was scanned for TLDs yet contained no TLDs. Enable debug logging for this logger for a complete list of JARs that were scanned but no TLDs were found in them. Skipping unneeded JARs during scanning can improve startup time and JSP compilation time.
16-Jun-2021 10:49:59.275 INFO [main] org.apache.catalina.startup.HostConfig.deployDirectory Deployment of web application directory [/home/shweta/apache-tomcat-9.0.43/webapps/EggSupplier] has finished in [136] ms
16-Jun-2021 10:49:59.281 INFO [main] org.apache.coyote.AbstractProtocol.start Starting ProtocolHandler ["http-nio-8080"]
16-Jun-2021 10:49:59.311 INFO [main] org.apache.catalina.startup.Catalina.start Server startup in [2973] milliseconds
