23-Jun-2021 09:07:27.527 INFO [main] org.apache.catalina.startup.VersionLoggerListener.log Server version name:   Apache Tomcat/9.0.43
23-Jun-2021 09:07:27.532 INFO [main] org.apache.catalina.startup.VersionLoggerListener.log Server built:          Jan 28 2021 20:25:45 UTC
23-Jun-2021 09:07:27.533 INFO [main] org.apache.catalina.startup.VersionLoggerListener.log Server version number: 9.0.43.0
23-Jun-2021 09:07:27.533 INFO [main] org.apache.catalina.startup.VersionLoggerListener.log OS Name:               Linux
23-Jun-2021 09:07:27.533 INFO [main] org.apache.catalina.startup.VersionLoggerListener.log OS Version:            5.4.0-72-generic
23-Jun-2021 09:07:27.533 INFO [main] org.apache.catalina.startup.VersionLoggerListener.log Architecture:          amd64
23-Jun-2021 09:07:27.533 INFO [main] org.apache.catalina.startup.VersionLoggerListener.log Java Home:             /usr/lib/jvm/java-11-openjdk-amd64
23-Jun-2021 09:07:27.534 INFO [main] org.apache.catalina.startup.VersionLoggerListener.log JVM Version:           11.0.10+9-Ubuntu-0ubuntu1.18.04
23-Jun-2021 09:07:27.534 INFO [main] org.apache.catalina.startup.VersionLoggerListener.log JVM Vendor:            Ubuntu
23-Jun-2021 09:07:27.534 INFO [main] org.apache.catalina.startup.VersionLoggerListener.log CATALINA_BASE:         /home/shweta/apache-tomcat-9.0.43
23-Jun-2021 09:07:27.534 INFO [main] org.apache.catalina.startup.VersionLoggerListener.log CATALINA_HOME:         /home/shweta/apache-tomcat-9.0.43
23-Jun-2021 09:07:27.611 INFO [main] org.apache.catalina.startup.VersionLoggerListener.log Command line argument: --add-opens=java.base/java.lang=ALL-UNNAMED
23-Jun-2021 09:07:27.611 INFO [main] org.apache.catalina.startup.VersionLoggerListener.log Command line argument: --add-opens=java.base/java.io=ALL-UNNAMED
23-Jun-2021 09:07:27.611 INFO [main] org.apache.catalina.startup.VersionLoggerListener.log Command line argument: --add-opens=java.base/java.util=ALL-UNNAMED
23-Jun-2021 09:07:27.612 INFO [main] org.apache.catalina.startup.VersionLoggerListener.log Command line argument: --add-opens=java.base/java.util.concurrent=ALL-UNNAMED
23-Jun-2021 09:07:27.612 INFO [main] org.apache.catalina.startup.VersionLoggerListener.log Command line argument: --add-opens=java.rmi/sun.rmi.transport=ALL-UNNAMED
23-Jun-2021 09:07:27.612 INFO [main] org.apache.catalina.startup.VersionLoggerListener.log Command line argument: -Djava.util.logging.config.file=/home/shweta/apache-tomcat-9.0.43/conf/logging.properties
23-Jun-2021 09:07:27.612 INFO [main] org.apache.catalina.startup.VersionLoggerListener.log Command line argument: -Djava.util.logging.manager=org.apache.juli.ClassLoaderLogManager
23-Jun-2021 09:07:27.612 INFO [main] org.apache.catalina.startup.VersionLoggerListener.log Command line argument: -Djdk.tls.ephemeralDHKeySize=2048
23-Jun-2021 09:07:27.612 INFO [main] org.apache.catalina.startup.VersionLoggerListener.log Command line argument: -Djava.protocol.handler.pkgs=org.apache.catalina.webresources
23-Jun-2021 09:07:27.612 INFO [main] org.apache.catalina.startup.VersionLoggerListener.log Command line argument: -Dorg.apache.catalina.security.SecurityListener.UMASK=0027
23-Jun-2021 09:07:27.612 INFO [main] org.apache.catalina.startup.VersionLoggerListener.log Command line argument: -Dignore.endorsed.dirs=
23-Jun-2021 09:07:27.613 INFO [main] org.apache.catalina.startup.VersionLoggerListener.log Command line argument: -Dcatalina.base=/home/shweta/apache-tomcat-9.0.43
23-Jun-2021 09:07:27.613 INFO [main] org.apache.catalina.startup.VersionLoggerListener.log Command line argument: -Dcatalina.home=/home/shweta/apache-tomcat-9.0.43
23-Jun-2021 09:07:27.613 INFO [main] org.apache.catalina.startup.VersionLoggerListener.log Command line argument: -Djava.io.tmpdir=/home/shweta/apache-tomcat-9.0.43/temp
23-Jun-2021 09:07:27.627 INFO [main] org.apache.catalina.core.AprLifecycleListener.lifecycleEvent The Apache Tomcat Native library which allows using OpenSSL was not found on the java.library.path: [/usr/java/packages/lib:/usr/lib/x86_64-linux-gnu/jni:/lib/x86_64-linux-gnu:/usr/lib/x86_64-linux-gnu:/usr/lib/jni:/lib:/usr/lib]
23-Jun-2021 09:07:28.366 INFO [main] org.apache.coyote.AbstractProtocol.init Initializing ProtocolHandler ["http-nio-8080"]
23-Jun-2021 09:07:28.432 INFO [main] org.apache.catalina.startup.Catalina.load Server initialization in [1484] milliseconds
23-Jun-2021 09:07:28.539 INFO [main] org.apache.catalina.core.StandardService.startInternal Starting service [Catalina]
23-Jun-2021 09:07:28.540 INFO [main] org.apache.catalina.core.StandardEngine.startInternal Starting Servlet engine: [Apache Tomcat/9.0.43]
23-Jun-2021 09:07:28.603 INFO [main] org.apache.catalina.startup.HostConfig.deployDirectory Deploying web application directory [/home/shweta/apache-tomcat-9.0.43/webapps/ROOT]
23-Jun-2021 09:07:29.291 INFO [main] org.apache.jasper.servlet.TldScanner.scanJars At least one JAR was scanned for TLDs yet contained no TLDs. Enable debug logging for this logger for a complete list of JARs that were scanned but no TLDs were found in them. Skipping unneeded JARs during scanning can improve startup time and JSP compilation time.
23-Jun-2021 09:07:29.362 INFO [main] org.apache.catalina.startup.HostConfig.deployDirectory Deployment of web application directory [/home/shweta/apache-tomcat-9.0.43/webapps/ROOT] has finished in [759] ms
23-Jun-2021 09:07:29.363 INFO [main] org.apache.catalina.startup.HostConfig.deployDirectory Deploying web application directory [/home/shweta/apache-tomcat-9.0.43/webapps/manager]
23-Jun-2021 09:07:29.579 INFO [main] org.apache.jasper.servlet.TldScanner.scanJars At least one JAR was scanned for TLDs yet contained no TLDs. Enable debug logging for this logger for a complete list of JARs that were scanned but no TLDs were found in them. Skipping unneeded JARs during scanning can improve startup time and JSP compilation time.
23-Jun-2021 09:07:29.650 INFO [main] org.apache.catalina.startup.HostConfig.deployDirectory Deployment of web application directory [/home/shweta/apache-tomcat-9.0.43/webapps/manager] has finished in [286] ms
23-Jun-2021 09:07:29.650 INFO [main] org.apache.catalina.startup.HostConfig.deployDirectory Deploying web application directory [/home/shweta/apache-tomcat-9.0.43/webapps/docs]
23-Jun-2021 09:07:29.831 INFO [main] org.apache.jasper.servlet.TldScanner.scanJars At least one JAR was scanned for TLDs yet contained no TLDs. Enable debug logging for this logger for a complete list of JARs that were scanned but no TLDs were found in them. Skipping unneeded JARs during scanning can improve startup time and JSP compilation time.
23-Jun-2021 09:07:29.872 INFO [main] org.apache.catalina.startup.HostConfig.deployDirectory Deployment of web application directory [/home/shweta/apache-tomcat-9.0.43/webapps/docs] has finished in [222] ms
23-Jun-2021 09:07:29.873 INFO [main] org.apache.catalina.startup.HostConfig.deployDirectory Deploying web application directory [/home/shweta/apache-tomcat-9.0.43/webapps/host-manager]
23-Jun-2021 09:07:30.157 INFO [main] org.apache.jasper.servlet.TldScanner.scanJars At least one JAR was scanned for TLDs yet contained no TLDs. Enable debug logging for this logger for a complete list of JARs that were scanned but no TLDs were found in them. Skipping unneeded JARs during scanning can improve startup time and JSP compilation time.
23-Jun-2021 09:07:30.160 INFO [main] org.apache.catalina.startup.HostConfig.deployDirectory Deployment of web application directory [/home/shweta/apache-tomcat-9.0.43/webapps/host-manager] has finished in [288] ms
23-Jun-2021 09:07:30.161 INFO [main] org.apache.catalina.startup.HostConfig.deployDirectory Deploying web application directory [/home/shweta/apache-tomcat-9.0.43/webapps/examples]
23-Jun-2021 09:07:31.139 INFO [main] org.apache.jasper.servlet.TldScanner.scanJars At least one JAR was scanned for TLDs yet contained no TLDs. Enable debug logging for this logger for a complete list of JARs that were scanned but no TLDs were found in them. Skipping unneeded JARs during scanning can improve startup time and JSP compilation time.
23-Jun-2021 09:07:31.161 INFO [main] org.apache.catalina.startup.HostConfig.deployDirectory Deployment of web application directory [/home/shweta/apache-tomcat-9.0.43/webapps/examples] has finished in [1,000] ms
23-Jun-2021 09:07:31.162 INFO [main] org.apache.catalina.startup.HostConfig.deployDirectory Deploying web application directory [/home/shweta/apache-tomcat-9.0.43/webapps/Servlet&JSP]
23-Jun-2021 09:07:31.311 INFO [main] org.apache.jasper.servlet.TldScanner.scanJars At least one JAR was scanned for TLDs yet contained no TLDs. Enable debug logging for this logger for a complete list of JARs that were scanned but no TLDs were found in them. Skipping unneeded JARs during scanning can improve startup time and JSP compilation time.
23-Jun-2021 09:07:31.326 INFO [main] org.apache.catalina.startup.HostConfig.deployDirectory Deployment of web application directory [/home/shweta/apache-tomcat-9.0.43/webapps/Servlet&JSP] has finished in [164] ms
23-Jun-2021 09:07:31.326 INFO [main] org.apache.catalina.startup.HostConfig.deployDirectory Deploying web application directory [/home/shweta/apache-tomcat-9.0.43/webapps/EggSupplier]
23-Jun-2021 09:07:31.453 INFO [main] org.apache.jasper.servlet.TldScanner.scanJars At least one JAR was scanned for TLDs yet contained no TLDs. Enable debug logging for this logger for a complete list of JARs that were scanned but no TLDs were found in them. Skipping unneeded JARs during scanning can improve startup time and JSP compilation time.
23-Jun-2021 09:07:31.477 INFO [main] org.apache.catalina.startup.HostConfig.deployDirectory Deployment of web application directory [/home/shweta/apache-tomcat-9.0.43/webapps/EggSupplier] has finished in [151] ms
23-Jun-2021 09:07:31.488 INFO [main] org.apache.coyote.AbstractProtocol.start Starting ProtocolHandler ["http-nio-8080"]
23-Jun-2021 09:07:31.515 INFO [main] org.apache.catalina.startup.Catalina.start Server startup in [3082] milliseconds
