09-Jun-2021 16:11:59.902 INFO [main] org.apache.catalina.startup.VersionLoggerListener.log Server version name:   Apache Tomcat/9.0.43
09-Jun-2021 16:11:59.906 INFO [main] org.apache.catalina.startup.VersionLoggerListener.log Server built:          Jan 28 2021 20:25:45 UTC
09-Jun-2021 16:11:59.906 INFO [main] org.apache.catalina.startup.VersionLoggerListener.log Server version number: 9.0.43.0
09-Jun-2021 16:11:59.907 INFO [main] org.apache.catalina.startup.VersionLoggerListener.log OS Name:               Linux
09-Jun-2021 16:11:59.907 INFO [main] org.apache.catalina.startup.VersionLoggerListener.log OS Version:            5.4.0-72-generic
09-Jun-2021 16:11:59.907 INFO [main] org.apache.catalina.startup.VersionLoggerListener.log Architecture:          amd64
09-Jun-2021 16:11:59.907 INFO [main] org.apache.catalina.startup.VersionLoggerListener.log Java Home:             /usr/lib/jvm/java-11-openjdk-amd64
09-Jun-2021 16:11:59.908 INFO [main] org.apache.catalina.startup.VersionLoggerListener.log JVM Version:           11.0.10+9-Ubuntu-0ubuntu1.18.04
09-Jun-2021 16:11:59.908 INFO [main] org.apache.catalina.startup.VersionLoggerListener.log JVM Vendor:            Ubuntu
09-Jun-2021 16:11:59.908 INFO [main] org.apache.catalina.startup.VersionLoggerListener.log CATALINA_BASE:         /home/shweta/apache-tomcat-9.0.43
09-Jun-2021 16:11:59.908 INFO [main] org.apache.catalina.startup.VersionLoggerListener.log CATALINA_HOME:         /home/shweta/apache-tomcat-9.0.43
09-Jun-2021 16:11:59.978 INFO [main] org.apache.catalina.startup.VersionLoggerListener.log Command line argument: --add-opens=java.base/java.lang=ALL-UNNAMED
09-Jun-2021 16:11:59.979 INFO [main] org.apache.catalina.startup.VersionLoggerListener.log Command line argument: --add-opens=java.base/java.io=ALL-UNNAMED
09-Jun-2021 16:11:59.980 INFO [main] org.apache.catalina.startup.VersionLoggerListener.log Command line argument: --add-opens=java.base/java.util=ALL-UNNAMED
09-Jun-2021 16:11:59.981 INFO [main] org.apache.catalina.startup.VersionLoggerListener.log Command line argument: --add-opens=java.base/java.util.concurrent=ALL-UNNAMED
09-Jun-2021 16:11:59.982 INFO [main] org.apache.catalina.startup.VersionLoggerListener.log Command line argument: --add-opens=java.rmi/sun.rmi.transport=ALL-UNNAMED
09-Jun-2021 16:11:59.983 INFO [main] org.apache.catalina.startup.VersionLoggerListener.log Command line argument: -Djava.util.logging.config.file=/home/shweta/apache-tomcat-9.0.43/conf/logging.properties
09-Jun-2021 16:11:59.983 INFO [main] org.apache.catalina.startup.VersionLoggerListener.log Command line argument: -Djava.util.logging.manager=org.apache.juli.ClassLoaderLogManager
09-Jun-2021 16:11:59.984 INFO [main] org.apache.catalina.startup.VersionLoggerListener.log Command line argument: -Djdk.tls.ephemeralDHKeySize=2048
09-Jun-2021 16:11:59.985 INFO [main] org.apache.catalina.startup.VersionLoggerListener.log Command line argument: -Djava.protocol.handler.pkgs=org.apache.catalina.webresources
09-Jun-2021 16:11:59.985 INFO [main] org.apache.catalina.startup.VersionLoggerListener.log Command line argument: -Dorg.apache.catalina.security.SecurityListener.UMASK=0027
09-Jun-2021 16:11:59.986 INFO [main] org.apache.catalina.startup.VersionLoggerListener.log Command line argument: -Dignore.endorsed.dirs=
09-Jun-2021 16:11:59.987 INFO [main] org.apache.catalina.startup.VersionLoggerListener.log Command line argument: -Dcatalina.base=/home/shweta/apache-tomcat-9.0.43
09-Jun-2021 16:11:59.987 INFO [main] org.apache.catalina.startup.VersionLoggerListener.log Command line argument: -Dcatalina.home=/home/shweta/apache-tomcat-9.0.43
09-Jun-2021 16:11:59.988 INFO [main] org.apache.catalina.startup.VersionLoggerListener.log Command line argument: -Djava.io.tmpdir=/home/shweta/apache-tomcat-9.0.43/temp
09-Jun-2021 16:12:00.003 INFO [main] org.apache.catalina.core.AprLifecycleListener.lifecycleEvent The Apache Tomcat Native library which allows using OpenSSL was not found on the java.library.path: [/usr/java/packages/lib:/usr/lib/x86_64-linux-gnu/jni:/lib/x86_64-linux-gnu:/usr/lib/x86_64-linux-gnu:/usr/lib/jni:/lib:/usr/lib]
09-Jun-2021 16:12:00.775 INFO [main] org.apache.coyote.AbstractProtocol.init Initializing ProtocolHandler ["http-nio-8080"]
09-Jun-2021 16:12:00.867 SEVERE [main] org.apache.catalina.util.LifecycleBase.handleSubClassException Failed to initialize component [Connector[HTTP/1.1-8080]]
	org.apache.catalina.LifecycleException: Protocol handler initialization failed
		at org.apache.catalina.connector.Connector.initInternal(Connector.java:1049)
		at org.apache.catalina.util.LifecycleBase.init(LifecycleBase.java:136)
		at org.apache.catalina.core.StandardService.initInternal(StandardService.java:558)
		at org.apache.catalina.util.LifecycleBase.init(LifecycleBase.java:136)
		at org.apache.catalina.core.StandardServer.initInternal(StandardServer.java:1045)
		at org.apache.catalina.util.LifecycleBase.init(LifecycleBase.java:136)
		at org.apache.catalina.startup.Catalina.load(Catalina.java:724)
		at org.apache.catalina.startup.Catalina.load(Catalina.java:746)
		at java.base/jdk.internal.reflect.NativeMethodAccessorImpl.invoke0(Native Method)
		at java.base/jdk.internal.reflect.NativeMethodAccessorImpl.invoke(NativeMethodAccessorImpl.java:62)
		at java.base/jdk.internal.reflect.DelegatingMethodAccessorImpl.invoke(DelegatingMethodAccessorImpl.java:43)
		at java.base/java.lang.reflect.Method.invoke(Method.java:566)
		at org.apache.catalina.startup.Bootstrap.load(Bootstrap.java:302)
		at org.apache.catalina.startup.Bootstrap.main(Bootstrap.java:472)
	Caused by: java.net.BindException: Address already in use
		at java.base/sun.nio.ch.Net.bind0(Native Method)
		at java.base/sun.nio.ch.Net.bind(Net.java:455)
		at java.base/sun.nio.ch.Net.bind(Net.java:447)
		at java.base/sun.nio.ch.ServerSocketChannelImpl.bind(ServerSocketChannelImpl.java:227)
		at org.apache.tomcat.util.net.NioEndpoint.initServerSocket(NioEndpoint.java:277)
		at org.apache.tomcat.util.net.NioEndpoint.bind(NioEndpoint.java:241)
		at org.apache.tomcat.util.net.AbstractEndpoint.bindWithCleanup(AbstractEndpoint.java:1193)
		at org.apache.tomcat.util.net.AbstractEndpoint.init(AbstractEndpoint.java:1206)
		at org.apache.coyote.AbstractProtocol.init(AbstractProtocol.java:597)
		at org.apache.coyote.http11.AbstractHttp11Protocol.init(AbstractHttp11Protocol.java:80)
		at org.apache.catalina.connector.Connector.initInternal(Connector.java:1046)
		... 13 more
09-Jun-2021 16:12:00.870 INFO [main] org.apache.catalina.startup.Catalina.load Server initialization in [1590] milliseconds
09-Jun-2021 16:12:01.036 INFO [main] org.apache.catalina.core.StandardService.startInternal Starting service [Catalina]
09-Jun-2021 16:12:01.036 INFO [main] org.apache.catalina.core.StandardEngine.startInternal Starting Servlet engine: [Apache Tomcat/9.0.43]
09-Jun-2021 16:12:01.058 INFO [main] org.apache.catalina.startup.HostConfig.deployDirectory Deploying web application directory [/home/shweta/apache-tomcat-9.0.43/webapps/ROOT]
09-Jun-2021 16:12:02.361 INFO [main] org.apache.jasper.servlet.TldScanner.scanJars At least one JAR was scanned for TLDs yet contained no TLDs. Enable debug logging for this logger for a complete list of JARs that were scanned but no TLDs were found in them. Skipping unneeded JARs during scanning can improve startup time and JSP compilation time.
09-Jun-2021 16:12:02.564 WARNING [main] org.apache.catalina.util.SessionIdGeneratorBase.createSecureRandom Creation of SecureRandom instance for session ID generation using [SHA1PRNG] took [186] milliseconds.
09-Jun-2021 16:12:02.709 INFO [main] org.apache.catalina.startup.HostConfig.deployDirectory Deployment of web application directory [/home/shweta/apache-tomcat-9.0.43/webapps/ROOT] has finished in [1,651] ms
09-Jun-2021 16:12:02.809 INFO [main] org.apache.catalina.startup.HostConfig.deployDirectory Deploying web application directory [/home/shweta/apache-tomcat-9.0.43/webapps/manager]
09-Jun-2021 16:12:03.115 INFO [main] org.apache.jasper.servlet.TldScanner.scanJars At least one JAR was scanned for TLDs yet contained no TLDs. Enable debug logging for this logger for a complete list of JARs that were scanned but no TLDs were found in them. Skipping unneeded JARs during scanning can improve startup time and JSP compilation time.
09-Jun-2021 16:12:03.127 INFO [main] org.apache.catalina.startup.HostConfig.deployDirectory Deployment of web application directory [/home/shweta/apache-tomcat-9.0.43/webapps/manager] has finished in [319] ms
09-Jun-2021 16:12:03.127 INFO [main] org.apache.catalina.startup.HostConfig.deployDirectory Deploying web application directory [/home/shweta/apache-tomcat-9.0.43/webapps/docs]
09-Jun-2021 16:12:03.296 INFO [main] org.apache.jasper.servlet.TldScanner.scanJars At least one JAR was scanned for TLDs yet contained no TLDs. Enable debug logging for this logger for a complete list of JARs that were scanned but no TLDs were found in them. Skipping unneeded JARs during scanning can improve startup time and JSP compilation time.
09-Jun-2021 16:12:03.299 INFO [main] org.apache.catalina.startup.HostConfig.deployDirectory Deployment of web application directory [/home/shweta/apache-tomcat-9.0.43/webapps/docs] has finished in [172] ms
09-Jun-2021 16:12:03.300 INFO [main] org.apache.catalina.startup.HostConfig.deployDirectory Deploying web application directory [/home/shweta/apache-tomcat-9.0.43/webapps/host-manager]
09-Jun-2021 16:12:03.466 INFO [main] org.apache.jasper.servlet.TldScanner.scanJars At least one JAR was scanned for TLDs yet contained no TLDs. Enable debug logging for this logger for a complete list of JARs that were scanned but no TLDs were found in them. Skipping unneeded JARs during scanning can improve startup time and JSP compilation time.
09-Jun-2021 16:12:03.470 INFO [main] org.apache.catalina.startup.HostConfig.deployDirectory Deployment of web application directory [/home/shweta/apache-tomcat-9.0.43/webapps/host-manager] has finished in [170] ms
09-Jun-2021 16:12:03.470 INFO [main] org.apache.catalina.startup.HostConfig.deployDirectory Deploying web application directory [/home/shweta/apache-tomcat-9.0.43/webapps/examples]
09-Jun-2021 16:12:05.494 INFO [main] org.apache.jasper.servlet.TldScanner.scanJars At least one JAR was scanned for TLDs yet contained no TLDs. Enable debug logging for this logger for a complete list of JARs that were scanned but no TLDs were found in them. Skipping unneeded JARs during scanning can improve startup time and JSP compilation time.
09-Jun-2021 16:12:05.537 INFO [main] org.apache.catalina.startup.HostConfig.deployDirectory Deployment of web application directory [/home/shweta/apache-tomcat-9.0.43/webapps/examples] has finished in [2,066] ms
09-Jun-2021 16:12:05.537 INFO [main] org.apache.catalina.startup.HostConfig.deployDirectory Deploying web application directory [/home/shweta/apache-tomcat-9.0.43/webapps/Servlet&JSP]
09-Jun-2021 16:12:05.705 INFO [main] org.apache.jasper.servlet.TldScanner.scanJars At least one JAR was scanned for TLDs yet contained no TLDs. Enable debug logging for this logger for a complete list of JARs that were scanned but no TLDs were found in them. Skipping unneeded JARs during scanning can improve startup time and JSP compilation time.
09-Jun-2021 16:12:05.853 INFO [main] org.apache.catalina.startup.HostConfig.deployDirectory Deployment of web application directory [/home/shweta/apache-tomcat-9.0.43/webapps/Servlet&JSP] has finished in [315] ms
09-Jun-2021 16:12:05.854 INFO [main] org.apache.catalina.startup.HostConfig.deployDirectory Deploying web application directory [/home/shweta/apache-tomcat-9.0.43/webapps/EggSupplier]
09-Jun-2021 16:12:05.986 INFO [main] org.apache.jasper.servlet.TldScanner.scanJars At least one JAR was scanned for TLDs yet contained no TLDs. Enable debug logging for this logger for a complete list of JARs that were scanned but no TLDs were found in them. Skipping unneeded JARs during scanning can improve startup time and JSP compilation time.
09-Jun-2021 16:12:05.988 INFO [main] org.apache.catalina.startup.HostConfig.deployDirectory Deployment of web application directory [/home/shweta/apache-tomcat-9.0.43/webapps/EggSupplier] has finished in [135] ms
09-Jun-2021 16:12:05.998 INFO [main] org.apache.catalina.startup.Catalina.start Server startup in [5127] milliseconds
09-Jun-2021 16:12:06.085 SEVERE [main] org.apache.catalina.core.StandardServer.await Failed to create server shutdown socket on address [localhost] and port [8005] (base port [8005] and offset [0])
	java.net.BindException: Address already in use (Bind failed)
		at java.base/java.net.PlainSocketImpl.socketBind(Native Method)
		at java.base/java.net.AbstractPlainSocketImpl.bind(AbstractPlainSocketImpl.java:436)
		at java.base/java.net.ServerSocket.bind(ServerSocket.java:395)
		at java.base/java.net.ServerSocket.<init>(ServerSocket.java:257)
		at org.apache.catalina.core.StandardServer.await(StandardServer.java:584)
		at org.apache.catalina.startup.Catalina.await(Catalina.java:864)
		at org.apache.catalina.startup.Catalina.start(Catalina.java:810)
		at java.base/jdk.internal.reflect.NativeMethodAccessorImpl.invoke0(Native Method)
		at java.base/jdk.internal.reflect.NativeMethodAccessorImpl.invoke(NativeMethodAccessorImpl.java:62)
		at java.base/jdk.internal.reflect.DelegatingMethodAccessorImpl.invoke(DelegatingMethodAccessorImpl.java:43)
		at java.base/java.lang.reflect.Method.invoke(Method.java:566)
		at org.apache.catalina.startup.Bootstrap.start(Bootstrap.java:342)
		at org.apache.catalina.startup.Bootstrap.main(Bootstrap.java:473)
09-Jun-2021 16:12:06.086 INFO [main] org.apache.coyote.AbstractProtocol.pause Pausing ProtocolHandler ["http-nio-8080"]
09-Jun-2021 16:12:06.086 INFO [main] org.apache.catalina.core.StandardService.stopInternal Stopping service [Catalina]
09-Jun-2021 16:12:06.230 INFO [main] org.apache.coyote.AbstractProtocol.stop Stopping ProtocolHandler ["http-nio-8080"]
09-Jun-2021 16:12:06.232 INFO [main] org.apache.coyote.AbstractProtocol.destroy Destroying ProtocolHandler ["http-nio-8080"]
09-Jun-2021 16:17:47.893 INFO [main] org.apache.catalina.startup.VersionLoggerListener.log Server version name:   Apache Tomcat/9.0.43
09-Jun-2021 16:17:47.902 INFO [main] org.apache.catalina.startup.VersionLoggerListener.log Server built:          Jan 28 2021 20:25:45 UTC
09-Jun-2021 16:17:47.902 INFO [main] org.apache.catalina.startup.VersionLoggerListener.log Server version number: 9.0.43.0
09-Jun-2021 16:17:47.902 INFO [main] org.apache.catalina.startup.VersionLoggerListener.log OS Name:               Linux
09-Jun-2021 16:17:47.903 INFO [main] org.apache.catalina.startup.VersionLoggerListener.log OS Version:            5.4.0-72-generic
09-Jun-2021 16:17:47.903 INFO [main] org.apache.catalina.startup.VersionLoggerListener.log Architecture:          amd64
09-Jun-2021 16:17:47.903 INFO [main] org.apache.catalina.startup.VersionLoggerListener.log Java Home:             /usr/lib/jvm/java-11-openjdk-amd64
09-Jun-2021 16:17:47.904 INFO [main] org.apache.catalina.startup.VersionLoggerListener.log JVM Version:           11.0.10+9-Ubuntu-0ubuntu1.18.04
09-Jun-2021 16:17:47.904 INFO [main] org.apache.catalina.startup.VersionLoggerListener.log JVM Vendor:            Ubuntu
09-Jun-2021 16:17:47.904 INFO [main] org.apache.catalina.startup.VersionLoggerListener.log CATALINA_BASE:         /home/shweta/apache-tomcat-9.0.43
09-Jun-2021 16:17:47.904 INFO [main] org.apache.catalina.startup.VersionLoggerListener.log CATALINA_HOME:         /home/shweta/apache-tomcat-9.0.43
09-Jun-2021 16:17:47.983 INFO [main] org.apache.catalina.startup.VersionLoggerListener.log Command line argument: --add-opens=java.base/java.lang=ALL-UNNAMED
09-Jun-2021 16:17:47.983 INFO [main] org.apache.catalina.startup.VersionLoggerListener.log Command line argument: --add-opens=java.base/java.io=ALL-UNNAMED
09-Jun-2021 16:17:47.983 INFO [main] org.apache.catalina.startup.VersionLoggerListener.log Command line argument: --add-opens=java.base/java.util=ALL-UNNAMED
09-Jun-2021 16:17:47.983 INFO [main] org.apache.catalina.startup.VersionLoggerListener.log Command line argument: --add-opens=java.base/java.util.concurrent=ALL-UNNAMED
09-Jun-2021 16:17:47.984 INFO [main] org.apache.catalina.startup.VersionLoggerListener.log Command line argument: --add-opens=java.rmi/sun.rmi.transport=ALL-UNNAMED
09-Jun-2021 16:17:47.984 INFO [main] org.apache.catalina.startup.VersionLoggerListener.log Command line argument: -Djava.util.logging.config.file=/home/shweta/apache-tomcat-9.0.43/conf/logging.properties
09-Jun-2021 16:17:47.984 INFO [main] org.apache.catalina.startup.VersionLoggerListener.log Command line argument: -Djava.util.logging.manager=org.apache.juli.ClassLoaderLogManager
09-Jun-2021 16:17:47.984 INFO [main] org.apache.catalina.startup.VersionLoggerListener.log Command line argument: -Djdk.tls.ephemeralDHKeySize=2048
09-Jun-2021 16:17:47.985 INFO [main] org.apache.catalina.startup.VersionLoggerListener.log Command line argument: -Djava.protocol.handler.pkgs=org.apache.catalina.webresources
09-Jun-2021 16:17:47.985 INFO [main] org.apache.catalina.startup.VersionLoggerListener.log Command line argument: -Dorg.apache.catalina.security.SecurityListener.UMASK=0027
09-Jun-2021 16:17:47.985 INFO [main] org.apache.catalina.startup.VersionLoggerListener.log Command line argument: -Dignore.endorsed.dirs=
09-Jun-2021 16:17:47.985 INFO [main] org.apache.catalina.startup.VersionLoggerListener.log Command line argument: -Dcatalina.base=/home/shweta/apache-tomcat-9.0.43
09-Jun-2021 16:17:47.985 INFO [main] org.apache.catalina.startup.VersionLoggerListener.log Command line argument: -Dcatalina.home=/home/shweta/apache-tomcat-9.0.43
09-Jun-2021 16:17:47.985 INFO [main] org.apache.catalina.startup.VersionLoggerListener.log Command line argument: -Djava.io.tmpdir=/home/shweta/apache-tomcat-9.0.43/temp
09-Jun-2021 16:17:47.987 INFO [main] org.apache.catalina.core.AprLifecycleListener.lifecycleEvent The Apache Tomcat Native library which allows using OpenSSL was not found on the java.library.path: [/usr/java/packages/lib:/usr/lib/x86_64-linux-gnu/jni:/lib/x86_64-linux-gnu:/usr/lib/x86_64-linux-gnu:/usr/lib/jni:/lib:/usr/lib]
09-Jun-2021 16:17:48.838 INFO [main] org.apache.coyote.AbstractProtocol.init Initializing ProtocolHandler ["http-nio-8080"]
09-Jun-2021 16:17:48.883 INFO [main] org.apache.catalina.startup.Catalina.load Server initialization in [1679] milliseconds
09-Jun-2021 16:17:49.207 INFO [main] org.apache.catalina.core.StandardService.startInternal Starting service [Catalina]
09-Jun-2021 16:17:49.208 INFO [main] org.apache.catalina.core.StandardEngine.startInternal Starting Servlet engine: [Apache Tomcat/9.0.43]
09-Jun-2021 16:17:49.231 INFO [main] org.apache.catalina.startup.HostConfig.deployDirectory Deploying web application directory [/home/shweta/apache-tomcat-9.0.43/webapps/ROOT]
09-Jun-2021 16:17:49.966 INFO [main] org.apache.jasper.servlet.TldScanner.scanJars At least one JAR was scanned for TLDs yet contained no TLDs. Enable debug logging for this logger for a complete list of JARs that were scanned but no TLDs were found in them. Skipping unneeded JARs during scanning can improve startup time and JSP compilation time.
09-Jun-2021 16:17:50.053 INFO [main] org.apache.catalina.startup.HostConfig.deployDirectory Deployment of web application directory [/home/shweta/apache-tomcat-9.0.43/webapps/ROOT] has finished in [822] ms
09-Jun-2021 16:17:50.054 INFO [main] org.apache.catalina.startup.HostConfig.deployDirectory Deploying web application directory [/home/shweta/apache-tomcat-9.0.43/webapps/manager]
09-Jun-2021 16:17:50.224 INFO [main] org.apache.jasper.servlet.TldScanner.scanJars At least one JAR was scanned for TLDs yet contained no TLDs. Enable debug logging for this logger for a complete list of JARs that were scanned but no TLDs were found in them. Skipping unneeded JARs during scanning can improve startup time and JSP compilation time.
09-Jun-2021 16:17:50.322 INFO [main] org.apache.catalina.startup.HostConfig.deployDirectory Deployment of web application directory [/home/shweta/apache-tomcat-9.0.43/webapps/manager] has finished in [268] ms
09-Jun-2021 16:17:50.323 INFO [main] org.apache.catalina.startup.HostConfig.deployDirectory Deploying web application directory [/home/shweta/apache-tomcat-9.0.43/webapps/docs]
09-Jun-2021 16:17:50.548 INFO [main] org.apache.jasper.servlet.TldScanner.scanJars At least one JAR was scanned for TLDs yet contained no TLDs. Enable debug logging for this logger for a complete list of JARs that were scanned but no TLDs were found in them. Skipping unneeded JARs during scanning can improve startup time and JSP compilation time.
09-Jun-2021 16:17:50.551 INFO [main] org.apache.catalina.startup.HostConfig.deployDirectory Deployment of web application directory [/home/shweta/apache-tomcat-9.0.43/webapps/docs] has finished in [228] ms
09-Jun-2021 16:17:50.551 INFO [main] org.apache.catalina.startup.HostConfig.deployDirectory Deploying web application directory [/home/shweta/apache-tomcat-9.0.43/webapps/host-manager]
09-Jun-2021 16:17:50.693 INFO [main] org.apache.jasper.servlet.TldScanner.scanJars At least one JAR was scanned for TLDs yet contained no TLDs. Enable debug logging for this logger for a complete list of JARs that were scanned but no TLDs were found in them. Skipping unneeded JARs during scanning can improve startup time and JSP compilation time.
09-Jun-2021 16:17:50.696 INFO [main] org.apache.catalina.startup.HostConfig.deployDirectory Deployment of web application directory [/home/shweta/apache-tomcat-9.0.43/webapps/host-manager] has finished in [145] ms
09-Jun-2021 16:17:50.696 INFO [main] org.apache.catalina.startup.HostConfig.deployDirectory Deploying web application directory [/home/shweta/apache-tomcat-9.0.43/webapps/examples]
09-Jun-2021 16:17:51.020 INFO [main] org.apache.jasper.servlet.TldScanner.scanJars At least one JAR was scanned for TLDs yet contained no TLDs. Enable debug logging for this logger for a complete list of JARs that were scanned but no TLDs were found in them. Skipping unneeded JARs during scanning can improve startup time and JSP compilation time.
09-Jun-2021 16:17:51.042 INFO [main] org.apache.catalina.startup.HostConfig.deployDirectory Deployment of web application directory [/home/shweta/apache-tomcat-9.0.43/webapps/examples] has finished in [346] ms
09-Jun-2021 16:17:51.042 INFO [main] org.apache.catalina.startup.HostConfig.deployDirectory Deploying web application directory [/home/shweta/apache-tomcat-9.0.43/webapps/Servlet&JSP]
09-Jun-2021 16:17:51.139 INFO [main] org.apache.jasper.servlet.TldScanner.scanJars At least one JAR was scanned for TLDs yet contained no TLDs. Enable debug logging for this logger for a complete list of JARs that were scanned but no TLDs were found in them. Skipping unneeded JARs during scanning can improve startup time and JSP compilation time.
09-Jun-2021 16:17:51.150 INFO [main] org.apache.catalina.startup.HostConfig.deployDirectory Deployment of web application directory [/home/shweta/apache-tomcat-9.0.43/webapps/Servlet&JSP] has finished in [108] ms
09-Jun-2021 16:17:51.150 INFO [main] org.apache.catalina.startup.HostConfig.deployDirectory Deploying web application directory [/home/shweta/apache-tomcat-9.0.43/webapps/EggSupplier]
09-Jun-2021 16:17:51.280 INFO [main] org.apache.jasper.servlet.TldScanner.scanJars At least one JAR was scanned for TLDs yet contained no TLDs. Enable debug logging for this logger for a complete list of JARs that were scanned but no TLDs were found in them. Skipping unneeded JARs during scanning can improve startup time and JSP compilation time.
09-Jun-2021 16:17:51.283 INFO [main] org.apache.catalina.startup.HostConfig.deployDirectory Deployment of web application directory [/home/shweta/apache-tomcat-9.0.43/webapps/EggSupplier] has finished in [133] ms
09-Jun-2021 16:17:51.289 INFO [main] org.apache.coyote.AbstractProtocol.start Starting ProtocolHandler ["http-nio-8080"]
09-Jun-2021 16:17:51.321 INFO [main] org.apache.catalina.startup.Catalina.start Server startup in [2438] milliseconds
