10-Jun-2021 09:18:04.688 INFO [main] org.apache.catalina.startup.VersionLoggerListener.log Server version name:   Apache Tomcat/9.0.43
10-Jun-2021 09:18:04.693 INFO [main] org.apache.catalina.startup.VersionLoggerListener.log Server built:          Jan 28 2021 20:25:45 UTC
10-Jun-2021 09:18:04.694 INFO [main] org.apache.catalina.startup.VersionLoggerListener.log Server version number: 9.0.43.0
10-Jun-2021 09:18:04.694 INFO [main] org.apache.catalina.startup.VersionLoggerListener.log OS Name:               Linux
10-Jun-2021 09:18:04.694 INFO [main] org.apache.catalina.startup.VersionLoggerListener.log OS Version:            5.4.0-72-generic
10-Jun-2021 09:18:04.694 INFO [main] org.apache.catalina.startup.VersionLoggerListener.log Architecture:          amd64
10-Jun-2021 09:18:04.694 INFO [main] org.apache.catalina.startup.VersionLoggerListener.log Java Home:             /usr/lib/jvm/java-11-openjdk-amd64
10-Jun-2021 09:18:04.695 INFO [main] org.apache.catalina.startup.VersionLoggerListener.log JVM Version:           11.0.10+9-Ubuntu-0ubuntu1.18.04
10-Jun-2021 09:18:04.695 INFO [main] org.apache.catalina.startup.VersionLoggerListener.log JVM Vendor:            Ubuntu
10-Jun-2021 09:18:04.695 INFO [main] org.apache.catalina.startup.VersionLoggerListener.log CATALINA_BASE:         /home/shweta/apache-tomcat-9.0.43
10-Jun-2021 09:18:04.695 INFO [main] org.apache.catalina.startup.VersionLoggerListener.log CATALINA_HOME:         /home/shweta/apache-tomcat-9.0.43
10-Jun-2021 09:18:04.742 INFO [main] org.apache.catalina.startup.VersionLoggerListener.log Command line argument: --add-opens=java.base/java.lang=ALL-UNNAMED
10-Jun-2021 09:18:04.742 INFO [main] org.apache.catalina.startup.VersionLoggerListener.log Command line argument: --add-opens=java.base/java.io=ALL-UNNAMED
10-Jun-2021 09:18:04.742 INFO [main] org.apache.catalina.startup.VersionLoggerListener.log Command line argument: --add-opens=java.base/java.util=ALL-UNNAMED
10-Jun-2021 09:18:04.743 INFO [main] org.apache.catalina.startup.VersionLoggerListener.log Command line argument: --add-opens=java.base/java.util.concurrent=ALL-UNNAMED
10-Jun-2021 09:18:04.743 INFO [main] org.apache.catalina.startup.VersionLoggerListener.log Command line argument: --add-opens=java.rmi/sun.rmi.transport=ALL-UNNAMED
10-Jun-2021 09:18:04.743 INFO [main] org.apache.catalina.startup.VersionLoggerListener.log Command line argument: -Djava.util.logging.config.file=/home/shweta/apache-tomcat-9.0.43/conf/logging.properties
10-Jun-2021 09:18:04.743 INFO [main] org.apache.catalina.startup.VersionLoggerListener.log Command line argument: -Djava.util.logging.manager=org.apache.juli.ClassLoaderLogManager
10-Jun-2021 09:18:04.743 INFO [main] org.apache.catalina.startup.VersionLoggerListener.log Command line argument: -Djdk.tls.ephemeralDHKeySize=2048
10-Jun-2021 09:18:04.743 INFO [main] org.apache.catalina.startup.VersionLoggerListener.log Command line argument: -Djava.protocol.handler.pkgs=org.apache.catalina.webresources
10-Jun-2021 09:18:04.744 INFO [main] org.apache.catalina.startup.VersionLoggerListener.log Command line argument: -Dorg.apache.catalina.security.SecurityListener.UMASK=0027
10-Jun-2021 09:18:04.744 INFO [main] org.apache.catalina.startup.VersionLoggerListener.log Command line argument: -Dignore.endorsed.dirs=
10-Jun-2021 09:18:04.744 INFO [main] org.apache.catalina.startup.VersionLoggerListener.log Command line argument: -Dcatalina.base=/home/shweta/apache-tomcat-9.0.43
10-Jun-2021 09:18:04.744 INFO [main] org.apache.catalina.startup.VersionLoggerListener.log Command line argument: -Dcatalina.home=/home/shweta/apache-tomcat-9.0.43
10-Jun-2021 09:18:04.744 INFO [main] org.apache.catalina.startup.VersionLoggerListener.log Command line argument: -Djava.io.tmpdir=/home/shweta/apache-tomcat-9.0.43/temp
10-Jun-2021 09:18:04.759 INFO [main] org.apache.catalina.core.AprLifecycleListener.lifecycleEvent The Apache Tomcat Native library which allows using OpenSSL was not found on the java.library.path: [/usr/java/packages/lib:/usr/lib/x86_64-linux-gnu/jni:/lib/x86_64-linux-gnu:/usr/lib/x86_64-linux-gnu:/usr/lib/jni:/lib:/usr/lib]
10-Jun-2021 09:18:05.515 INFO [main] org.apache.coyote.AbstractProtocol.init Initializing ProtocolHandler ["http-nio-8080"]
10-Jun-2021 09:18:05.584 INFO [main] org.apache.catalina.startup.Catalina.load Server initialization in [1567] milliseconds
10-Jun-2021 09:18:05.702 INFO [main] org.apache.catalina.core.StandardService.startInternal Starting service [Catalina]
10-Jun-2021 09:18:05.702 INFO [main] org.apache.catalina.core.StandardEngine.startInternal Starting Servlet engine: [Apache Tomcat/9.0.43]
10-Jun-2021 09:18:05.741 INFO [main] org.apache.catalina.startup.HostConfig.deployDirectory Deploying web application directory [/home/shweta/apache-tomcat-9.0.43/webapps/ROOT]
10-Jun-2021 09:18:06.486 INFO [main] org.apache.jasper.servlet.TldScanner.scanJars At least one JAR was scanned for TLDs yet contained no TLDs. Enable debug logging for this logger for a complete list of JARs that were scanned but no TLDs were found in them. Skipping unneeded JARs during scanning can improve startup time and JSP compilation time.
10-Jun-2021 09:18:06.550 INFO [main] org.apache.catalina.startup.HostConfig.deployDirectory Deployment of web application directory [/home/shweta/apache-tomcat-9.0.43/webapps/ROOT] has finished in [808] ms
10-Jun-2021 09:18:06.551 INFO [main] org.apache.catalina.startup.HostConfig.deployDirectory Deploying web application directory [/home/shweta/apache-tomcat-9.0.43/webapps/manager]
10-Jun-2021 09:18:06.784 INFO [main] org.apache.jasper.servlet.TldScanner.scanJars At least one JAR was scanned for TLDs yet contained no TLDs. Enable debug logging for this logger for a complete list of JARs that were scanned but no TLDs were found in them. Skipping unneeded JARs during scanning can improve startup time and JSP compilation time.
10-Jun-2021 09:18:06.897 INFO [main] org.apache.catalina.startup.HostConfig.deployDirectory Deployment of web application directory [/home/shweta/apache-tomcat-9.0.43/webapps/manager] has finished in [345] ms
10-Jun-2021 09:18:06.898 INFO [main] org.apache.catalina.startup.HostConfig.deployDirectory Deploying web application directory [/home/shweta/apache-tomcat-9.0.43/webapps/docs]
10-Jun-2021 09:18:07.120 INFO [main] org.apache.jasper.servlet.TldScanner.scanJars At least one JAR was scanned for TLDs yet contained no TLDs. Enable debug logging for this logger for a complete list of JARs that were scanned but no TLDs were found in them. Skipping unneeded JARs during scanning can improve startup time and JSP compilation time.
10-Jun-2021 09:18:07.124 INFO [main] org.apache.catalina.startup.HostConfig.deployDirectory Deployment of web application directory [/home/shweta/apache-tomcat-9.0.43/webapps/docs] has finished in [226] ms
10-Jun-2021 09:18:07.124 INFO [main] org.apache.catalina.startup.HostConfig.deployDirectory Deploying web application directory [/home/shweta/apache-tomcat-9.0.43/webapps/host-manager]
10-Jun-2021 09:18:07.373 INFO [main] org.apache.jasper.servlet.TldScanner.scanJars At least one JAR was scanned for TLDs yet contained no TLDs. Enable debug logging for this logger for a complete list of JARs that were scanned but no TLDs were found in them. Skipping unneeded JARs during scanning can improve startup time and JSP compilation time.
10-Jun-2021 09:18:07.391 INFO [main] org.apache.catalina.startup.HostConfig.deployDirectory Deployment of web application directory [/home/shweta/apache-tomcat-9.0.43/webapps/host-manager] has finished in [266] ms
10-Jun-2021 09:18:07.391 INFO [main] org.apache.catalina.startup.HostConfig.deployDirectory Deploying web application directory [/home/shweta/apache-tomcat-9.0.43/webapps/examples]
10-Jun-2021 09:18:09.145 INFO [main] org.apache.jasper.servlet.TldScanner.scanJars At least one JAR was scanned for TLDs yet contained no TLDs. Enable debug logging for this logger for a complete list of JARs that were scanned but no TLDs were found in them. Skipping unneeded JARs during scanning can improve startup time and JSP compilation time.
10-Jun-2021 09:18:09.215 INFO [main] org.apache.catalina.startup.HostConfig.deployDirectory Deployment of web application directory [/home/shweta/apache-tomcat-9.0.43/webapps/examples] has finished in [1,824] ms
10-Jun-2021 09:18:09.215 INFO [main] org.apache.catalina.startup.HostConfig.deployDirectory Deploying web application directory [/home/shweta/apache-tomcat-9.0.43/webapps/Servlet&JSP]
10-Jun-2021 09:18:09.362 INFO [main] org.apache.jasper.servlet.TldScanner.scanJars At least one JAR was scanned for TLDs yet contained no TLDs. Enable debug logging for this logger for a complete list of JARs that were scanned but no TLDs were found in them. Skipping unneeded JARs during scanning can improve startup time and JSP compilation time.
10-Jun-2021 09:18:09.482 INFO [main] org.apache.catalina.startup.HostConfig.deployDirectory Deployment of web application directory [/home/shweta/apache-tomcat-9.0.43/webapps/Servlet&JSP] has finished in [266] ms
10-Jun-2021 09:18:09.483 INFO [main] org.apache.catalina.startup.HostConfig.deployDirectory Deploying web application directory [/home/shweta/apache-tomcat-9.0.43/webapps/EggSupplier]
10-Jun-2021 09:18:09.684 INFO [main] org.apache.jasper.servlet.TldScanner.scanJars At least one JAR was scanned for TLDs yet contained no TLDs. Enable debug logging for this logger for a complete list of JARs that were scanned but no TLDs were found in them. Skipping unneeded JARs during scanning can improve startup time and JSP compilation time.
10-Jun-2021 09:18:09.687 INFO [main] org.apache.catalina.startup.HostConfig.deployDirectory Deployment of web application directory [/home/shweta/apache-tomcat-9.0.43/webapps/EggSupplier] has finished in [205] ms
10-Jun-2021 09:18:09.694 INFO [main] org.apache.coyote.AbstractProtocol.start Starting ProtocolHandler ["http-nio-8080"]
10-Jun-2021 09:18:09.743 INFO [main] org.apache.catalina.startup.Catalina.start Server startup in [4158] milliseconds
