15-Jun-2021 09:10:17.261 INFO [main] org.apache.catalina.core.ApplicationContext.log ContextListener: contextInitialized()
15-Jun-2021 09:10:17.261 INFO [main] org.apache.catalina.core.ApplicationContext.log SessionListener: contextInitialized()
15-Jun-2021 09:10:17.263 INFO [main] org.apache.catalina.core.ApplicationContext.log ContextListener: attributeAdded('StockTicker', 'async.Stockticker@1d247525')
15-Jun-2021 09:24:46.140 SEVERE [http-nio-8080-exec-8] org.apache.catalina.core.StandardWrapperValve.invoke Servlet.service() for servlet [jsp] in context with path [/EggSupplier] threw exception [Unable to compile class for JSP: 

An error occurred at line: [109] in the jsp file: [/custorder.jsp]
Duplicate local variable d2
106:            out.print("<tr align='center'><td class='border'>"+rs.getInt(1));
107: 
108:            sdf=new SimpleDateFormat("yyyy-mm-dd");
109:            Date d2=sdf.parse(rs.getString(2));
110:            sdf=new SimpleDateFormat("dd/mm/yyyy");
111:            out.print("<td class='border'>"+sdf.format(d2));
112: 


Stacktrace:] with root cause
	org.apache.jasper.JasperException: Unable to compile class for JSP: 

An error occurred at line: [109] in the jsp file: [/custorder.jsp]
Duplicate local variable d2
106:            out.print("<tr align='center'><td class='border'>"+rs.getInt(1));
107: 
108:            sdf=new SimpleDateFormat("yyyy-mm-dd");
109:            Date d2=sdf.parse(rs.getString(2));
110:            sdf=new SimpleDateFormat("dd/mm/yyyy");
111:            out.print("<td class='border'>"+sdf.format(d2));
112: 


Stacktrace:
		at org.apache.jasper.compiler.DefaultErrorHandler.javacError(DefaultErrorHandler.java:103)
		at org.apache.jasper.compiler.ErrorDispatcher.javacError(ErrorDispatcher.java:213)
		at org.apache.jasper.compiler.JDTCompiler.generateClass(JDTCompiler.java:482)
		at org.apache.jasper.compiler.Compiler.compile(Compiler.java:392)
		at org.apache.jasper.compiler.Compiler.compile(Compiler.java:362)
		at org.apache.jasper.compiler.Compiler.compile(Compiler.java:346)
		at org.apache.jasper.JspCompilationContext.compile(JspCompilationContext.java:605)
		at org.apache.jasper.servlet.JspServletWrapper.service(JspServletWrapper.java:400)
		at org.apache.jasper.servlet.JspServlet.serviceJspFile(JspServlet.java:378)
		at org.apache.jasper.servlet.JspServlet.service(JspServlet.java:326)
		at javax.servlet.http.HttpServlet.service(HttpServlet.java:733)
		at org.apache.catalina.core.ApplicationFilterChain.internalDoFilter(ApplicationFilterChain.java:227)
		at org.apache.catalina.core.ApplicationFilterChain.doFilter(ApplicationFilterChain.java:162)
		at org.apache.tomcat.websocket.server.WsFilter.doFilter(WsFilter.java:53)
		at org.apache.catalina.core.ApplicationFilterChain.internalDoFilter(ApplicationFilterChain.java:189)
		at org.apache.catalina.core.ApplicationFilterChain.doFilter(ApplicationFilterChain.java:162)
		at org.apache.catalina.core.StandardWrapperValve.invoke(StandardWrapperValve.java:202)
		at org.apache.catalina.core.StandardContextValve.invoke(StandardContextValve.java:97)
		at org.apache.catalina.authenticator.AuthenticatorBase.invoke(AuthenticatorBase.java:542)
		at org.apache.catalina.core.StandardHostValve.invoke(StandardHostValve.java:143)
		at org.apache.catalina.valves.ErrorReportValve.invoke(ErrorReportValve.java:92)
		at org.apache.catalina.valves.AbstractAccessLogValve.invoke(AbstractAccessLogValve.java:687)
		at org.apache.catalina.core.StandardEngineValve.invoke(StandardEngineValve.java:78)
		at org.apache.catalina.connector.CoyoteAdapter.service(CoyoteAdapter.java:346)
		at org.apache.coyote.http11.Http11Processor.service(Http11Processor.java:374)
		at org.apache.coyote.AbstractProcessorLight.process(AbstractProcessorLight.java:65)
		at org.apache.coyote.AbstractProtocol$ConnectionHandler.process(AbstractProtocol.java:887)
		at org.apache.tomcat.util.net.NioEndpoint$SocketProcessor.doRun(NioEndpoint.java:1684)
		at org.apache.tomcat.util.net.SocketProcessorBase.run(SocketProcessorBase.java:49)
		at java.base/java.util.concurrent.ThreadPoolExecutor.runWorker(ThreadPoolExecutor.java:1128)
		at java.base/java.util.concurrent.ThreadPoolExecutor$Worker.run(ThreadPoolExecutor.java:628)
		at org.apache.tomcat.util.threads.TaskThread$WrappingRunnable.run(TaskThread.java:61)
		at java.base/java.lang.Thread.run(Thread.java:834)
15-Jun-2021 09:34:43.455 SEVERE [http-nio-8080-exec-3] org.apache.catalina.core.StandardWrapperValve.invoke Servlet.service() for servlet [jsp] in context with path [/EggSupplier] threw exception [Unable to compile class for JSP: 

An error occurred at line: [82] in the jsp file: [/supplierorder.jsp]
Type mismatch: cannot convert from java.util.Date to java.sql.Date
79:             out.print("<td>"+rs.getInt(1));
80:  
81:           SimpleDateFormat  sdf=new SimpleDateFormat("yyyy-mm-dd");
82:            Date d2=sdf.parse(rs.getString(2));
83:            sdf=new SimpleDateFormat("dd/mm/yyyy");
84:            out.print("<td class='border'>"+sdf.format(d2));
85:  


Stacktrace:] with root cause
	org.apache.jasper.JasperException: Unable to compile class for JSP: 

An error occurred at line: [82] in the jsp file: [/supplierorder.jsp]
Type mismatch: cannot convert from java.util.Date to java.sql.Date
79:             out.print("<td>"+rs.getInt(1));
80:  
81:           SimpleDateFormat  sdf=new SimpleDateFormat("yyyy-mm-dd");
82:            Date d2=sdf.parse(rs.getString(2));
83:            sdf=new SimpleDateFormat("dd/mm/yyyy");
84:            out.print("<td class='border'>"+sdf.format(d2));
85:  


Stacktrace:
		at org.apache.jasper.compiler.DefaultErrorHandler.javacError(DefaultErrorHandler.java:103)
		at org.apache.jasper.compiler.ErrorDispatcher.javacError(ErrorDispatcher.java:213)
		at org.apache.jasper.compiler.JDTCompiler.generateClass(JDTCompiler.java:482)
		at org.apache.jasper.compiler.Compiler.compile(Compiler.java:392)
		at org.apache.jasper.compiler.Compiler.compile(Compiler.java:362)
		at org.apache.jasper.compiler.Compiler.compile(Compiler.java:346)
		at org.apache.jasper.JspCompilationContext.compile(JspCompilationContext.java:605)
		at org.apache.jasper.servlet.JspServletWrapper.service(JspServletWrapper.java:400)
		at org.apache.jasper.servlet.JspServlet.serviceJspFile(JspServlet.java:378)
		at org.apache.jasper.servlet.JspServlet.service(JspServlet.java:326)
		at javax.servlet.http.HttpServlet.service(HttpServlet.java:733)
		at org.apache.catalina.core.ApplicationFilterChain.internalDoFilter(ApplicationFilterChain.java:227)
		at org.apache.catalina.core.ApplicationFilterChain.doFilter(ApplicationFilterChain.java:162)
		at org.apache.tomcat.websocket.server.WsFilter.doFilter(WsFilter.java:53)
		at org.apache.catalina.core.ApplicationFilterChain.internalDoFilter(ApplicationFilterChain.java:189)
		at org.apache.catalina.core.ApplicationFilterChain.doFilter(ApplicationFilterChain.java:162)
		at org.apache.catalina.core.StandardWrapperValve.invoke(StandardWrapperValve.java:202)
		at org.apache.catalina.core.StandardContextValve.invoke(StandardContextValve.java:97)
		at org.apache.catalina.authenticator.AuthenticatorBase.invoke(AuthenticatorBase.java:542)
		at org.apache.catalina.core.StandardHostValve.invoke(StandardHostValve.java:143)
		at org.apache.catalina.valves.ErrorReportValve.invoke(ErrorReportValve.java:92)
		at org.apache.catalina.valves.AbstractAccessLogValve.invoke(AbstractAccessLogValve.java:687)
		at org.apache.catalina.core.StandardEngineValve.invoke(StandardEngineValve.java:78)
		at org.apache.catalina.connector.CoyoteAdapter.service(CoyoteAdapter.java:346)
		at org.apache.coyote.http11.Http11Processor.service(Http11Processor.java:374)
		at org.apache.coyote.AbstractProcessorLight.process(AbstractProcessorLight.java:65)
		at org.apache.coyote.AbstractProtocol$ConnectionHandler.process(AbstractProtocol.java:887)
		at org.apache.tomcat.util.net.NioEndpoint$SocketProcessor.doRun(NioEndpoint.java:1684)
		at org.apache.tomcat.util.net.SocketProcessorBase.run(SocketProcessorBase.java:49)
		at java.base/java.util.concurrent.ThreadPoolExecutor.runWorker(ThreadPoolExecutor.java:1128)
		at java.base/java.util.concurrent.ThreadPoolExecutor$Worker.run(ThreadPoolExecutor.java:628)
		at org.apache.tomcat.util.threads.TaskThread$WrappingRunnable.run(TaskThread.java:61)
		at java.base/java.lang.Thread.run(Thread.java:834)
15-Jun-2021 09:56:31.583 SEVERE [http-nio-8080-exec-6] org.apache.catalina.core.StandardWrapperValve.invoke Servlet.service() for servlet [jsp] in context with path [/EggSupplier] threw exception [Unable to compile class for JSP: 

An error occurred at line: [61] in the jsp file: [/adminpayment.jsp]
SimpleDateFormat cannot be resolved to a type
58:            out.print("<tr align='center'><td>"+rs.getLong(1));
59:            out.print("<td>"+rs.getString(2));
60: 
61:            SimpleDateFormat sdf=new SimpleDateFormat("yyyy-mm-dd");
62:            Date d2=sdf.parse(rs.getString(3));
63:            sdf=new SimpleDateFormat("dd/mm/yyyy");
64:            out.print("<td class='border'>"+sdf.format(d2));


An error occurred at line: [61] in the jsp file: [/adminpayment.jsp]
SimpleDateFormat cannot be resolved to a type
58:            out.print("<tr align='center'><td>"+rs.getLong(1));
59:            out.print("<td>"+rs.getString(2));
60: 
61:            SimpleDateFormat sdf=new SimpleDateFormat("yyyy-mm-dd");
62:            Date d2=sdf.parse(rs.getString(3));
63:            sdf=new SimpleDateFormat("dd/mm/yyyy");
64:            out.print("<td class='border'>"+sdf.format(d2));


An error occurred at line: [63] in the jsp file: [/adminpayment.jsp]
SimpleDateFormat cannot be resolved to a type
60: 
61:            SimpleDateFormat sdf=new SimpleDateFormat("yyyy-mm-dd");
62:            Date d2=sdf.parse(rs.getString(3));
63:            sdf=new SimpleDateFormat("dd/mm/yyyy");
64:            out.print("<td class='border'>"+sdf.format(d2));
65: 
66:  


An error occurred at line: [67] in the jsp file: [/adminpayment.jsp]
SimpleDateFormat cannot be resolved to a type
64:            out.print("<td class='border'>"+sdf.format(d2));
65: 
66:  
67:            sdf=new SimpleDateFormat("k:mm:ss");
68:            d2=sdf.parse(rs.getString(4));
69:            sdf=new SimpleDateFormat("hh:mm:ss a");
70:            out.print("<td class='border'>"+sdf.format(d2));


An error occurred at line: [69] in the jsp file: [/adminpayment.jsp]
SimpleDateFormat cannot be resolved to a type
66:  
67:            sdf=new SimpleDateFormat("k:mm:ss");
68:            d2=sdf.parse(rs.getString(4));
69:            sdf=new SimpleDateFormat("hh:mm:ss a");
70:            out.print("<td class='border'>"+sdf.format(d2));
71:  
72:            out.print("<td>"+rs.getFloat(5)+"0");


Stacktrace:] with root cause
	org.apache.jasper.JasperException: Unable to compile class for JSP: 

An error occurred at line: [61] in the jsp file: [/adminpayment.jsp]
SimpleDateFormat cannot be resolved to a type
58:            out.print("<tr align='center'><td>"+rs.getLong(1));
59:            out.print("<td>"+rs.getString(2));
60: 
61:            SimpleDateFormat sdf=new SimpleDateFormat("yyyy-mm-dd");
62:            Date d2=sdf.parse(rs.getString(3));
63:            sdf=new SimpleDateFormat("dd/mm/yyyy");
64:            out.print("<td class='border'>"+sdf.format(d2));


An error occurred at line: [61] in the jsp file: [/adminpayment.jsp]
SimpleDateFormat cannot be resolved to a type
58:            out.print("<tr align='center'><td>"+rs.getLong(1));
59:            out.print("<td>"+rs.getString(2));
60: 
61:            SimpleDateFormat sdf=new SimpleDateFormat("yyyy-mm-dd");
62:            Date d2=sdf.parse(rs.getString(3));
63:            sdf=new SimpleDateFormat("dd/mm/yyyy");
64:            out.print("<td class='border'>"+sdf.format(d2));


An error occurred at line: [63] in the jsp file: [/adminpayment.jsp]
SimpleDateFormat cannot be resolved to a type
60: 
61:            SimpleDateFormat sdf=new SimpleDateFormat("yyyy-mm-dd");
62:            Date d2=sdf.parse(rs.getString(3));
63:            sdf=new SimpleDateFormat("dd/mm/yyyy");
64:            out.print("<td class='border'>"+sdf.format(d2));
65: 
66:  


An error occurred at line: [67] in the jsp file: [/adminpayment.jsp]
SimpleDateFormat cannot be resolved to a type
64:            out.print("<td class='border'>"+sdf.format(d2));
65: 
66:  
67:            sdf=new SimpleDateFormat("k:mm:ss");
68:            d2=sdf.parse(rs.getString(4));
69:            sdf=new SimpleDateFormat("hh:mm:ss a");
70:            out.print("<td class='border'>"+sdf.format(d2));


An error occurred at line: [69] in the jsp file: [/adminpayment.jsp]
SimpleDateFormat cannot be resolved to a type
66:  
67:            sdf=new SimpleDateFormat("k:mm:ss");
68:            d2=sdf.parse(rs.getString(4));
69:            sdf=new SimpleDateFormat("hh:mm:ss a");
70:            out.print("<td class='border'>"+sdf.format(d2));
71:  
72:            out.print("<td>"+rs.getFloat(5)+"0");


Stacktrace:
		at org.apache.jasper.compiler.DefaultErrorHandler.javacError(DefaultErrorHandler.java:103)
		at org.apache.jasper.compiler.ErrorDispatcher.javacError(ErrorDispatcher.java:213)
		at org.apache.jasper.compiler.JDTCompiler.generateClass(JDTCompiler.java:482)
		at org.apache.jasper.compiler.Compiler.compile(Compiler.java:392)
		at org.apache.jasper.compiler.Compiler.compile(Compiler.java:362)
		at org.apache.jasper.compiler.Compiler.compile(Compiler.java:346)
		at org.apache.jasper.JspCompilationContext.compile(JspCompilationContext.java:605)
		at org.apache.jasper.servlet.JspServletWrapper.service(JspServletWrapper.java:400)
		at org.apache.jasper.servlet.JspServlet.serviceJspFile(JspServlet.java:378)
		at org.apache.jasper.servlet.JspServlet.service(JspServlet.java:326)
		at javax.servlet.http.HttpServlet.service(HttpServlet.java:733)
		at org.apache.catalina.core.ApplicationFilterChain.internalDoFilter(ApplicationFilterChain.java:227)
		at org.apache.catalina.core.ApplicationFilterChain.doFilter(ApplicationFilterChain.java:162)
		at org.apache.tomcat.websocket.server.WsFilter.doFilter(WsFilter.java:53)
		at org.apache.catalina.core.ApplicationFilterChain.internalDoFilter(ApplicationFilterChain.java:189)
		at org.apache.catalina.core.ApplicationFilterChain.doFilter(ApplicationFilterChain.java:162)
		at org.apache.catalina.core.StandardWrapperValve.invoke(StandardWrapperValve.java:202)
		at org.apache.catalina.core.StandardContextValve.invoke(StandardContextValve.java:97)
		at org.apache.catalina.authenticator.AuthenticatorBase.invoke(AuthenticatorBase.java:542)
		at org.apache.catalina.core.StandardHostValve.invoke(StandardHostValve.java:143)
		at org.apache.catalina.valves.ErrorReportValve.invoke(ErrorReportValve.java:92)
		at org.apache.catalina.valves.AbstractAccessLogValve.invoke(AbstractAccessLogValve.java:687)
		at org.apache.catalina.core.StandardEngineValve.invoke(StandardEngineValve.java:78)
		at org.apache.catalina.connector.CoyoteAdapter.service(CoyoteAdapter.java:346)
		at org.apache.coyote.http11.Http11Processor.service(Http11Processor.java:374)
		at org.apache.coyote.AbstractProcessorLight.process(AbstractProcessorLight.java:65)
		at org.apache.coyote.AbstractProtocol$ConnectionHandler.process(AbstractProtocol.java:887)
		at org.apache.tomcat.util.net.NioEndpoint$SocketProcessor.doRun(NioEndpoint.java:1684)
		at org.apache.tomcat.util.net.SocketProcessorBase.run(SocketProcessorBase.java:49)
		at java.base/java.util.concurrent.ThreadPoolExecutor.runWorker(ThreadPoolExecutor.java:1128)
		at java.base/java.util.concurrent.ThreadPoolExecutor$Worker.run(ThreadPoolExecutor.java:628)
		at org.apache.tomcat.util.threads.TaskThread$WrappingRunnable.run(TaskThread.java:61)
		at java.base/java.lang.Thread.run(Thread.java:834)
15-Jun-2021 10:13:21.372 SEVERE [http-nio-8080-exec-8] org.apache.catalina.core.StandardWrapperValve.invoke Servlet.service() for servlet [jsp] in context with path [/EggSupplier] threw exception [Unable to compile class for JSP: 

An error occurred at line: [63] in the jsp file: [/custpayment.jsp]
Duplicate local variable hs
60:          Class.forName("org.postgresql.Driver");
61:          Connection con=DriverManager.getConnection("jdbc:postgresql://localhost/ty","postgres","qwertyuiop");                                                                 
62:          Statement st=con.createStatement();
63:          HttpSession hs=request.getSession(true);
64:          String S=(String)hs.getAttribute("user");
65:           if(S==null)
66:           { 


An error occurred at line: [64] in the jsp file: [/custpayment.jsp]
Duplicate local variable S
61:          Connection con=DriverManager.getConnection("jdbc:postgresql://localhost/ty","postgres","qwertyuiop");                                                                 
62:          Statement st=con.createStatement();
63:          HttpSession hs=request.getSession(true);
64:          String S=(String)hs.getAttribute("user");
65:           if(S==null)
66:           { 
67:              out.print("<script>alert('Your session has been expired..');</script>");


Stacktrace:] with root cause
	org.apache.jasper.JasperException: Unable to compile class for JSP: 

An error occurred at line: [63] in the jsp file: [/custpayment.jsp]
Duplicate local variable hs
60:          Class.forName("org.postgresql.Driver");
61:          Connection con=DriverManager.getConnection("jdbc:postgresql://localhost/ty","postgres","qwertyuiop");                                                                 
62:          Statement st=con.createStatement();
63:          HttpSession hs=request.getSession(true);
64:          String S=(String)hs.getAttribute("user");
65:           if(S==null)
66:           { 


An error occurred at line: [64] in the jsp file: [/custpayment.jsp]
Duplicate local variable S
61:          Connection con=DriverManager.getConnection("jdbc:postgresql://localhost/ty","postgres","qwertyuiop");                                                                 
62:          Statement st=con.createStatement();
63:          HttpSession hs=request.getSession(true);
64:          String S=(String)hs.getAttribute("user");
65:           if(S==null)
66:           { 
67:              out.print("<script>alert('Your session has been expired..');</script>");


Stacktrace:
		at org.apache.jasper.compiler.DefaultErrorHandler.javacError(DefaultErrorHandler.java:103)
		at org.apache.jasper.compiler.ErrorDispatcher.javacError(ErrorDispatcher.java:213)
		at org.apache.jasper.compiler.JDTCompiler.generateClass(JDTCompiler.java:482)
		at org.apache.jasper.compiler.Compiler.compile(Compiler.java:392)
		at org.apache.jasper.compiler.Compiler.compile(Compiler.java:362)
		at org.apache.jasper.compiler.Compiler.compile(Compiler.java:346)
		at org.apache.jasper.JspCompilationContext.compile(JspCompilationContext.java:605)
		at org.apache.jasper.servlet.JspServletWrapper.service(JspServletWrapper.java:400)
		at org.apache.jasper.servlet.JspServlet.serviceJspFile(JspServlet.java:378)
		at org.apache.jasper.servlet.JspServlet.service(JspServlet.java:326)
		at javax.servlet.http.HttpServlet.service(HttpServlet.java:733)
		at org.apache.catalina.core.ApplicationFilterChain.internalDoFilter(ApplicationFilterChain.java:227)
		at org.apache.catalina.core.ApplicationFilterChain.doFilter(ApplicationFilterChain.java:162)
		at org.apache.tomcat.websocket.server.WsFilter.doFilter(WsFilter.java:53)
		at org.apache.catalina.core.ApplicationFilterChain.internalDoFilter(ApplicationFilterChain.java:189)
		at org.apache.catalina.core.ApplicationFilterChain.doFilter(ApplicationFilterChain.java:162)
		at org.apache.catalina.core.StandardWrapperValve.invoke(StandardWrapperValve.java:202)
		at org.apache.catalina.core.StandardContextValve.invoke(StandardContextValve.java:97)
		at org.apache.catalina.authenticator.AuthenticatorBase.invoke(AuthenticatorBase.java:542)
		at org.apache.catalina.core.StandardHostValve.invoke(StandardHostValve.java:143)
		at org.apache.catalina.valves.ErrorReportValve.invoke(ErrorReportValve.java:92)
		at org.apache.catalina.valves.AbstractAccessLogValve.invoke(AbstractAccessLogValve.java:687)
		at org.apache.catalina.core.StandardEngineValve.invoke(StandardEngineValve.java:78)
		at org.apache.catalina.connector.CoyoteAdapter.service(CoyoteAdapter.java:346)
		at org.apache.coyote.http11.Http11Processor.service(Http11Processor.java:374)
		at org.apache.coyote.AbstractProcessorLight.process(AbstractProcessorLight.java:65)
		at org.apache.coyote.AbstractProtocol$ConnectionHandler.process(AbstractProtocol.java:887)
		at org.apache.tomcat.util.net.NioEndpoint$SocketProcessor.doRun(NioEndpoint.java:1684)
		at org.apache.tomcat.util.net.SocketProcessorBase.run(SocketProcessorBase.java:49)
		at java.base/java.util.concurrent.ThreadPoolExecutor.runWorker(ThreadPoolExecutor.java:1128)
		at java.base/java.util.concurrent.ThreadPoolExecutor$Worker.run(ThreadPoolExecutor.java:628)
		at org.apache.tomcat.util.threads.TaskThread$WrappingRunnable.run(TaskThread.java:61)
		at java.base/java.lang.Thread.run(Thread.java:834)
15-Jun-2021 20:18:04.221 SEVERE [http-nio-8080-exec-5] org.apache.catalina.core.StandardWrapperValve.invoke Servlet.service() for servlet [jsp] in context with path [/EggSupplier] threw exception [An exception occurred processing [/completeorder.jsp] at line [16]

13:       </head>
14:     <body bgcolor="#292929">
15:         <%
16:           oid=Integer.parseInt(request.getParameter("r1"));
17:         Class.forName("org.postgresql.Driver");
18:         Connection con=DriverManager.getConnection("jdbc:postgresql://localhost/ty","postgres","qwertyuiop");
19:         Statement st=con.createStatement();


Stacktrace:] with root cause
	java.lang.NumberFormatException: null
		at java.base/java.lang.Integer.parseInt(Integer.java:614)
		at java.base/java.lang.Integer.parseInt(Integer.java:770)
		at org.apache.jsp.completeorder_jsp._jspService(completeorder_jsp.java:135)
		at org.apache.jasper.runtime.HttpJspBase.service(HttpJspBase.java:71)
		at javax.servlet.http.HttpServlet.service(HttpServlet.java:733)
		at org.apache.jasper.servlet.JspServletWrapper.service(JspServletWrapper.java:467)
		at org.apache.jasper.servlet.JspServlet.serviceJspFile(JspServlet.java:378)
		at org.apache.jasper.servlet.JspServlet.service(JspServlet.java:326)
		at javax.servlet.http.HttpServlet.service(HttpServlet.java:733)
		at org.apache.catalina.core.ApplicationFilterChain.internalDoFilter(ApplicationFilterChain.java:227)
		at org.apache.catalina.core.ApplicationFilterChain.doFilter(ApplicationFilterChain.java:162)
		at org.apache.tomcat.websocket.server.WsFilter.doFilter(WsFilter.java:53)
		at org.apache.catalina.core.ApplicationFilterChain.internalDoFilter(ApplicationFilterChain.java:189)
		at org.apache.catalina.core.ApplicationFilterChain.doFilter(ApplicationFilterChain.java:162)
		at org.apache.catalina.core.StandardWrapperValve.invoke(StandardWrapperValve.java:202)
		at org.apache.catalina.core.StandardContextValve.invoke(StandardContextValve.java:97)
		at org.apache.catalina.authenticator.AuthenticatorBase.invoke(AuthenticatorBase.java:542)
		at org.apache.catalina.core.StandardHostValve.invoke(StandardHostValve.java:143)
		at org.apache.catalina.valves.ErrorReportValve.invoke(ErrorReportValve.java:92)
		at org.apache.catalina.valves.AbstractAccessLogValve.invoke(AbstractAccessLogValve.java:687)
		at org.apache.catalina.core.StandardEngineValve.invoke(StandardEngineValve.java:78)
		at org.apache.catalina.connector.CoyoteAdapter.service(CoyoteAdapter.java:346)
		at org.apache.coyote.http11.Http11Processor.service(Http11Processor.java:374)
		at org.apache.coyote.AbstractProcessorLight.process(AbstractProcessorLight.java:65)
		at org.apache.coyote.AbstractProtocol$ConnectionHandler.process(AbstractProtocol.java:887)
		at org.apache.tomcat.util.net.NioEndpoint$SocketProcessor.doRun(NioEndpoint.java:1684)
		at org.apache.tomcat.util.net.SocketProcessorBase.run(SocketProcessorBase.java:49)
		at java.base/java.util.concurrent.ThreadPoolExecutor.runWorker(ThreadPoolExecutor.java:1128)
		at java.base/java.util.concurrent.ThreadPoolExecutor$Worker.run(ThreadPoolExecutor.java:628)
		at org.apache.tomcat.util.threads.TaskThread$WrappingRunnable.run(TaskThread.java:61)
		at java.base/java.lang.Thread.run(Thread.java:834)
15-Jun-2021 23:00:26.481 INFO [main] org.apache.catalina.core.ApplicationContext.log SessionListener: contextDestroyed()
15-Jun-2021 23:00:26.481 INFO [main] org.apache.catalina.core.ApplicationContext.log ContextListener: contextDestroyed()
